<?xml version="1.0" encoding="UTF-8"?>
<beans xmlns="http://www.springframework.org/schema/beans"
       xmlns:xsi="http://www.w3.org/2001/XMLSchema-instance"
       xmlns:context="http://www.springframework.org/schema/context"
       xmlns:tx="http://www.springframework.org/schema/tx"
              xmlns:aop="http://www.springframework.org/schema/aop"
       xsi:schemaLocation="http://www.springframework.org/schema/beans
                           http://www.springframework.org/schema/beans/spring-beans.xsd
                           http://www.springframework.org/schema/mvc
                           http://www.springframework.org/schema/mvc/spring-mvc.xsd
                           http://www.springframework.org/schema/tx 
                           http://www.springframework.org/schema/tx/spring-tx-3.0.xsd
                           http://www.springframework.org/schema/context
                           http://www.springframework.org/schema/context/spring-context.xsd
       http://www.springframework.org/schema/aop http://www.springframework.org/schema/aop/spring-aop-3.2.xsd"> 

    <!-- Bean definitions go here -->
    
    
    
    
    
    
    
    
    <bean id="testConfigFile" class="java.io.File" >
        <constructor-arg type="java.lang.String" value="testConfigFile.txt" />
    </bean> 

    <bean id="testAuditLog" class="java.io.File" >
        <constructor-arg type="java.lang.String" value="auditLog.txt" />
    </bean> 
    
    <bean id="auditLogDaoWithAuditLog" class="com.mycompany.flooringmasteryweb.dao.AuditDao" >
        <constructor-arg ref="testAuditLog" />
    </bean>
    
<!--    <bean id="configDaoWithAuditLog" -->
    

     <bean id="configDaoWithNull" class="com.mycompany.flooringmasteryweb.dao.ConfigDao" >
         <constructor-arg value="null" />
     </bean>
   
     <bean id="configDaoWithTestFile" class="com.mycompany.flooringmasteryweb.dao.ConfigDao" lazy-init="true" >
         <constructor-arg ref="testConfigFile" />
     </bean>
   
    <bean id="viewUtilities" class="com.mycompany.flooringmasteryweb.utilities.ViewUtilities" />
    <bean id="configDao" class="com.mycompany.flooringmasteryweb.dao.ConfigDao" />
    <!--<bean id="consoleIo" class="com.mycompany.consoleio.ConsoleIO" />-->
    <bean id="productDao" class="com.mycompany.flooringmasteryweb.dao.ProductDao">
        <constructor-arg ref="configDao" />
    </bean>
    <bean id="stateDao" class="com.mycompany.flooringmasteryweb.dao.StateDao">
        <constructor-arg ref="configDao" />
    </bean>
    <bean id="orderDao" class="com.mycompany.flooringmasteryweb.dao.OrderDaoImpl">
        <constructor-arg ref="productDao" />
        <constructor-arg ref="stateDao" />
        <constructor-arg ref="configDao" />
    </bean>
    
    
    
</beans>
